
> @workspace/api-server@0.0.0 start /home/codecrafter/Documents/Go-Auth-Service/artifacts/api-server
> node --enable-source-maps ./dist/index.mjs

[23:38:03.952] [32mINFO[39m (131363): [36mServer listening[39m
    [35mport[39m: 5000
[23:38:04.382] [32mINFO[39m (131363): [36mrequest completed[39m
    [35mreq[39m: {
      "id": 1,
      "method": "GET",
      "url": "/healthz"
    }
    [35mres[39m: {
      "statusCode": 404
    }
    [35mresponseTime[39m: 7
[23:38:08.522] [32mINFO[39m (131363): [36mrequest completed[39m
    [35mreq[39m: {
      "id": 2,
      "method": "POST",
      "url": "/api/auth/signin"
    }
    [35mres[39m: {
      "statusCode": 200
    }
    [35mresponseTime[39m: 161
[23:38:14.260] [32mINFO[39m (131363): [36mrequest completed[39m
    [35mreq[39m: {
      "id": 3,
      "method": "GET",
      "url": "/api/projects/popular"
    }
    [35mres[39m: {
      "statusCode": 200
    }
    [35mresponseTime[39m: 15
